Vivado Simulator 2018.1
Time resolution is 1 ps
Iniciando simulaci鏮CLK_100MHZ iniciado
聲gulo =                     0, 00b60b60, Xout =  32765, Yout =      2
聲gulo =                     1, 016c16c1, Xout =  32757, Yout =    574
聲gulo =                     2, 02222222, Xout =  32743, Yout =   1146
聲gulo =                     3, 02d82d82, Xout =  32718, Yout =   1714
聲gulo =                     4, 038e38e3, Xout =  32685, Yout =   2288
聲gulo =                     5, 04444444, Xout =  32639, Yout =   2857
聲gulo =                     6, 04fa4fa4, Xout =  32585, Yout =   3425
聲gulo =                     7, 05b05b05, Xout =  32522, Yout =   3993
聲gulo =                     8, 06666666, Xout =  32445, Yout =   4560
聲gulo =                     9, 071c71c7, Xout =  32362, Yout =   5124
聲gulo =                    10, 07d27d27, Xout =  32266, Yout =   5690
聲gulo =                    11, 08888888, Xout =  32163, Yout =   6251
聲gulo =                    12, 093e93e9, Xout =  32046, Yout =   6815
聲gulo =                    13, 09f49f49, Xout =  31924, Yout =   7368
聲gulo =                    14, 0aaaaaaa, Xout =  31790, Yout =   7927
聲gulo =                    15, 0b60b60b, Xout =  31651, Yout =   8478
聲gulo =                    16, 0c16c16c, Xout =  31493, Yout =   9034
聲gulo =                    17, 0ccccccc, Xout =  31335, Yout =   9575
聲gulo =                    18, 0d82d82d, Xout =  31164, Yout =  10121
聲gulo =                    19, 0e38e38e, Xout =  30979, Yout =  10666
聲gulo =                    20, 0eeeeeee, Xout =  30785, Yout =  11208
聲gulo =                    21, 0fa4fa4f, Xout =  30587, Yout =  11743
聲gulo =                    22, 105b05b0, Xout =  30377, Yout =  12277
聲gulo =                    23, 11111111, Xout =  30162, Yout =  12799
聲gulo =                    24, 11c71c71, Xout =  29934, Yout =  13325
聲gulo =                    25, 127d27d2, Xout =  29698, Yout =  13847
聲gulo =                    26, 13333333, Xout =  29448, Yout =  14365
聲gulo =                    27, 13e93e93, Xout =  29193, Yout =  14876
聲gulo =                    28, 149f49f4, Xout =  28929, Yout =  15384
聲gulo =                    29, 15555555, Xout =  28656, Yout =  15886
聲gulo =                    30, 160b60b6, Xout =  28377, Yout =  16383
聲gulo =                    31, 16c16c16, Xout =  28085, Yout =  16875
聲gulo =                    32, 17777777, Xout =  27787, Yout =  17364
聲gulo =                    33, 182d82d8, Xout =  27473, Yout =  17849
聲gulo =                    34, 18e38e38, Xout =  27162, Yout =  18320
聲gulo =                    35, 19999999, Xout =  26839, Yout =  18794
聲gulo =                    36, 1a4fa4fa, Xout =  26508, Yout =  19256
聲gulo =                    37, 1b05b05b, Xout =  26165, Yout =  19719
聲gulo =                    38, 1bbbbbbb, Xout =  25819, Yout =  20172
聲gulo =                    39, 1c71c71c, Xout =  25462, Yout =  20619
聲gulo =                    40, 1d27d27d, Xout =  25100, Yout =  21061
聲gulo =                    41, 1ddddddd, Xout =  24728, Yout =  21493
聲gulo =                    42, 1e93e93e, Xout =  24348, Yout =  21924
聲gulo =                    43, 1f49f49f, Xout =  23964, Yout =  22342
聲gulo =                    44, 20000000, Xout =  23570, Yout =  22758
聲gulo =                    45, 20b60b60, Xout =  23168, Yout =  23167
聲gulo =                    46, 216c16c1, Xout =  22758, Yout =  23570
聲gulo =                    47, 22222222, Xout =  22342, Yout =  23964
聲gulo =                    48, 22d82d82, Xout =  21924, Yout =  24348
聲gulo =                    49, 238e38e3, Xout =  21493, Yout =  24728
聲gulo =                    50, 24444444, Xout =  21061, Yout =  25100
聲gulo =                    51, 24fa4fa4, Xout =  20619, Yout =  25462
聲gulo =                    52, 25b05b05, Xout =  20172, Yout =  25819
聲gulo =                    53, 26666666, Xout =  19719, Yout =  26165
聲gulo =                    54, 271c71c7, Xout =  19256, Yout =  26508
聲gulo =                    55, 27d27d27, Xout =  18794, Yout =  26839
聲gulo =                    56, 28888888, Xout =  18320, Yout =  27162
聲gulo =                    57, 293e93e9, Xout =  17849, Yout =  27473
聲gulo =                    58, 29f49f49, Xout =  17364, Yout =  27787
聲gulo =                    59, 2aaaaaaa, Xout =  16875, Yout =  28085
聲gulo =                    60, 2b60b60b, Xout =  16383, Yout =  28377
聲gulo =                    61, 2c16c16c, Xout =  15886, Yout =  28656
聲gulo =                    62, 2ccccccc, Xout =  15384, Yout =  28929
聲gulo =                    63, 2d82d82d, Xout =  14876, Yout =  29193
聲gulo =                    64, 2e38e38e, Xout =  14365, Yout =  29448
聲gulo =                    65, 2eeeeeee, Xout =  13847, Yout =  29698
聲gulo =                    66, 2fa4fa4f, Xout =  13325, Yout =  29934
聲gulo =                    67, 305b05b0, Xout =  12799, Yout =  30162
聲gulo =                    68, 31111111, Xout =  12277, Yout =  30377
聲gulo =                    69, 31c71c71, Xout =  11743, Yout =  30587
聲gulo =                    70, 327d27d2, Xout =  11208, Yout =  30785
聲gulo =                    71, 33333333, Xout =  10666, Yout =  30979
聲gulo =                    72, 33e93e93, Xout =  10121, Yout =  31164
聲gulo =                    73, 349f49f4, Xout =   9575, Yout =  31335
聲gulo =                    74, 35555555, Xout =   9034, Yout =  31493
聲gulo =                    75, 360b60b6, Xout =   8478, Yout =  31651
聲gulo =                    76, 36c16c16, Xout =   7927, Yout =  31790
聲gulo =                    77, 37777777, Xout =   7368, Yout =  31924
聲gulo =                    78, 382d82d8, Xout =   6815, Yout =  32046
聲gulo =                    79, 38e38e38, Xout =   6251, Yout =  32163
聲gulo =                    80, 39999999, Xout =   5690, Yout =  32266
聲gulo =                    81, 3a4fa4fa, Xout =   5124, Yout =  32362
聲gulo =                    82, 3b05b05b, Xout =   4560, Yout =  32445
聲gulo =                    83, 3bbbbbbb, Xout =   3993, Yout =  32522
聲gulo =                    84, 3c71c71c, Xout =   3425, Yout =  32585
聲gulo =                    85, 3d27d27d, Xout =   2857, Yout =  32639
聲gulo =                    86, 3ddddddd, Xout =   2288, Yout =  32685
聲gulo =                    87, 3e93e93e, Xout =   1714, Yout =  32718
聲gulo =                    88, 3f49f49f, Xout =   1146, Yout =  32743
聲gulo =                    89, 40000000, Xout =    574, Yout =  32757
聲gulo =                    90, 40b60b60, Xout =      2, Yout =  32765
聲gulo =                    91, 416c16c1, Xout =    574, Yout =  32757
聲gulo =                    92, 42222222, Xout =   1146, Yout =  32743
聲gulo =                    93, 42d82d82, Xout =   1714, Yout =  32718
聲gulo =                    94, 438e38e3, Xout =   2288, Yout =  32685
聲gulo =                    95, 44444444, Xout =   2857, Yout =  32639
聲gulo =                    96, 44fa4fa4, Xout =   3425, Yout =  32585
聲gulo =                    97, 45b05b05, Xout =   3993, Yout =  32522
聲gulo =                    98, 46666666, Xout =   4560, Yout =  32445
聲gulo =                    99, 471c71c7, Xout =   5124, Yout =  32362
聲gulo =                   100, 47d27d27, Xout =   5690, Yout =  32266
聲gulo =                   101, 48888888, Xout =   6251, Yout =  32163
聲gulo =                   102, 493e93e9, Xout =   6815, Yout =  32046
聲gulo =                   103, 49f49f49, Xout =   7368, Yout =  31924
聲gulo =                   104, 4aaaaaaa, Xout =   7927, Yout =  31790
聲gulo =                   105, 4b60b60b, Xout =   8478, Yout =  31651
聲gulo =                   106, 4c16c16c, Xout =   9034, Yout =  31493
聲gulo =                   107, 4ccccccc, Xout =   9575, Yout =  31335
聲gulo =                   108, 4d82d82d, Xout =  10121, Yout =  31164
聲gulo =                   109, 4e38e38e, Xout =  10666, Yout =  30979
聲gulo =                   110, 4eeeeeee, Xout =  11208, Yout =  30785
聲gulo =                   111, 4fa4fa4f, Xout =  11743, Yout =  30587
聲gulo =                   112, 505b05b0, Xout =  12277, Yout =  30377
聲gulo =                   113, 51111111, Xout =  12799, Yout =  30162
聲gulo =                   114, 51c71c71, Xout =  13325, Yout =  29934
聲gulo =                   115, 527d27d2, Xout =  13847, Yout =  29698
聲gulo =                   116, 53333333, Xout =  14365, Yout =  29448
聲gulo =                   117, 53e93e93, Xout =  14876, Yout =  29193
聲gulo =                   118, 549f49f4, Xout =  15384, Yout =  28929
聲gulo =                   119, 55555555, Xout =  15886, Yout =  28656
聲gulo =                   120, 560b60b6, Xout =  16383, Yout =  28377
聲gulo =                   121, 56c16c16, Xout =  16875, Yout =  28085
聲gulo =                   122, 57777777, Xout =  17364, Yout =  27787
聲gulo =                   123, 582d82d8, Xout =  17849, Yout =  27473
聲gulo =                   124, 58e38e38, Xout =  18320, Yout =  27162
聲gulo =                   125, 59999999, Xout =  18794, Yout =  26839
聲gulo =                   126, 5a4fa4fa, Xout =  19256, Yout =  26508
聲gulo =                   127, 5b05b05b, Xout =  19719, Yout =  26165
聲gulo =                   128, 5bbbbbbb, Xout =  20172, Yout =  25819
聲gulo =                   129, 5c71c71c, Xout =  20619, Yout =  25462
聲gulo =                   130, 5d27d27d, Xout =  21061, Yout =  25100
聲gulo =                   131, 5ddddddd, Xout =  21493, Yout =  24728
聲gulo =                   132, 5e93e93e, Xout =  21924, Yout =  24348
聲gulo =                   133, 5f49f49f, Xout =  22342, Yout =  23964
聲gulo =                   134, 60000000, Xout =  22758, Yout =  23570
聲gulo =                   135, 60b60b60, Xout =  23168, Yout =  23167
聲gulo =                   136, 616c16c1, Xout =  23570, Yout =  22758
聲gulo =                   137, 62222222, Xout =  23964, Yout =  22342
聲gulo =                   138, 62d82d82, Xout =  24348, Yout =  21924
聲gulo =                   139, 638e38e3, Xout =  24728, Yout =  21493
聲gulo =                   140, 64444444, Xout =  25100, Yout =  21061
聲gulo =                   141, 64fa4fa4, Xout =  25462, Yout =  20619
聲gulo =                   142, 65b05b05, Xout =  25819, Yout =  20172
聲gulo =                   143, 66666666, Xout =  26165, Yout =  19719
聲gulo =                   144, 671c71c7, Xout =  26508, Yout =  19256
聲gulo =                   145, 67d27d27, Xout =  26839, Yout =  18794
聲gulo =                   146, 68888888, Xout =  27162, Yout =  18320
聲gulo =                   147, 693e93e9, Xout =  27473, Yout =  17849
聲gulo =                   148, 69f49f49, Xout =  27787, Yout =  17364
聲gulo =                   149, 6aaaaaaa, Xout =  28085, Yout =  16875
聲gulo =                   150, 6b60b60b, Xout =  28377, Yout =  16383
聲gulo =                   151, 6c16c16c, Xout =  28656, Yout =  15886
聲gulo =                   152, 6ccccccc, Xout =  28929, Yout =  15384
聲gulo =                   153, 6d82d82d, Xout =  29193, Yout =  14876
聲gulo =                   154, 6e38e38e, Xout =  29448, Yout =  14365
聲gulo =                   155, 6eeeeeee, Xout =  29698, Yout =  13847
聲gulo =                   156, 6fa4fa4f, Xout =  29934, Yout =  13325
聲gulo =                   157, 705b05b0, Xout =  30162, Yout =  12799
聲gulo =                   158, 71111111, Xout =  30377, Yout =  12277
聲gulo =                   159, 71c71c71, Xout =  30587, Yout =  11743
聲gulo =                   160, 727d27d2, Xout =  30785, Yout =  11208
聲gulo =                   161, 73333333, Xout =  30979, Yout =  10666
聲gulo =                   162, 73e93e93, Xout =  31164, Yout =  10121
聲gulo =                   163, 749f49f4, Xout =  31335, Yout =   9575
聲gulo =                   164, 75555555, Xout =  31493, Yout =   9034
聲gulo =                   165, 760b60b6, Xout =  31651, Yout =   8478
聲gulo =                   166, 76c16c16, Xout =  31790, Yout =   7927
聲gulo =                   167, 77777777, Xout =  31924, Yout =   7368
聲gulo =                   168, 782d82d8, Xout =  32046, Yout =   6815
聲gulo =                   169, 78e38e38, Xout =  32163, Yout =   6251
聲gulo =                   170, 79999999, Xout =  32266, Yout =   5690
聲gulo =                   171, 7a4fa4fa, Xout =  32362, Yout =   5124
聲gulo =                   172, 7b05b05b, Xout =  32445, Yout =   4560
聲gulo =                   173, 7bbbbbbb, Xout =  32522, Yout =   3993
聲gulo =                   174, 7c71c71c, Xout =  32585, Yout =   3425
聲gulo =                   175, 7d27d27d, Xout =  32639, Yout =   2857
聲gulo =                   176, 7ddddddd, Xout =  32685, Yout =   2288
聲gulo =                   177, 7e93e93e, Xout =  32718, Yout =   1714
聲gulo =                   178, 7f49f49f, Xout =  32743, Yout =   1146
聲gulo =                   179, 80000000, Xout =  32757, Yout =    574
聲gulo =                   180, 80b60b60, Xout =  32765, Yout =      2
聲gulo =                   181, 816c16c1, Xout =  32757, Yout =    574
聲gulo =                   182, 82222222, Xout =  32743, Yout =   1146
聲gulo =                   183, 82d82d82, Xout =  32718, Yout =   1714
聲gulo =                   184, 838e38e3, Xout =  32685, Yout =   2288
聲gulo =                   185, 84444444, Xout =  32639, Yout =   2857
聲gulo =                   186, 84fa4fa4, Xout =  32585, Yout =   3425
聲gulo =                   187, 85b05b05, Xout =  32522, Yout =   3993
聲gulo =                   188, 86666666, Xout =  32445, Yout =   4560
聲gulo =                   189, 871c71c7, Xout =  32362, Yout =   5124
聲gulo =                   190, 87d27d27, Xout =  32266, Yout =   5690
聲gulo =                   191, 88888888, Xout =  32163, Yout =   6251
聲gulo =                   192, 893e93e9, Xout =  32046, Yout =   6815
聲gulo =                   193, 89f49f49, Xout =  31924, Yout =   7368
聲gulo =                   194, 8aaaaaaa, Xout =  31790, Yout =   7927
聲gulo =                   195, 8b60b60b, Xout =  31651, Yout =   8478
聲gulo =                   196, 8c16c16c, Xout =  31493, Yout =   9034
聲gulo =                   197, 8ccccccc, Xout =  31335, Yout =   9575
聲gulo =                   198, 8d82d82d, Xout =  31164, Yout =  10121
聲gulo =                   199, 8e38e38e, Xout =  30979, Yout =  10666
聲gulo =                   200, 8eeeeeee, Xout =  30785, Yout =  11208
聲gulo =                   201, 8fa4fa4f, Xout =  30587, Yout =  11743
聲gulo =                   202, 905b05b0, Xout =  30377, Yout =  12277
聲gulo =                   203, 91111111, Xout =  30162, Yout =  12799
聲gulo =                   204, 91c71c71, Xout =  29934, Yout =  13325
聲gulo =                   205, 927d27d2, Xout =  29698, Yout =  13847
聲gulo =                   206, 93333333, Xout =  29448, Yout =  14365
聲gulo =                   207, 93e93e93, Xout =  29193, Yout =  14876
聲gulo =                   208, 949f49f4, Xout =  28929, Yout =  15384
聲gulo =                   209, 95555555, Xout =  28656, Yout =  15886
聲gulo =                   210, 960b60b6, Xout =  28377, Yout =  16383
聲gulo =                   211, 96c16c16, Xout =  28085, Yout =  16875
聲gulo =                   212, 97777777, Xout =  27787, Yout =  17364
聲gulo =                   213, 982d82d8, Xout =  27473, Yout =  17849
聲gulo =                   214, 98e38e38, Xout =  27162, Yout =  18320
聲gulo =                   215, 99999999, Xout =  26839, Yout =  18794
聲gulo =                   216, 9a4fa4fa, Xout =  26508, Yout =  19256
聲gulo =                   217, 9b05b05b, Xout =  26165, Yout =  19719
聲gulo =                   218, 9bbbbbbb, Xout =  25819, Yout =  20172
聲gulo =                   219, 9c71c71c, Xout =  25462, Yout =  20619
聲gulo =                   220, 9d27d27d, Xout =  25100, Yout =  21061
聲gulo =                   221, 9ddddddd, Xout =  24728, Yout =  21493
聲gulo =                   222, 9e93e93e, Xout =  24348, Yout =  21924
聲gulo =                   223, 9f49f49f, Xout =  23964, Yout =  22342
聲gulo =                   224, a0000000, Xout =  23570, Yout =  22758
聲gulo =                   225, a0b60b60, Xout =  23168, Yout =  23167
聲gulo =                   226, a16c16c1, Xout =  22758, Yout =  23570
聲gulo =                   227, a2222222, Xout =  22342, Yout =  23964
聲gulo =                   228, a2d82d82, Xout =  21924, Yout =  24348
聲gulo =                   229, a38e38e3, Xout =  21493, Yout =  24728
聲gulo =                   230, a4444444, Xout =  21061, Yout =  25100
聲gulo =                   231, a4fa4fa4, Xout =  20619, Yout =  25462
聲gulo =                   232, a5b05b05, Xout =  20172, Yout =  25819
聲gulo =                   233, a6666666, Xout =  19719, Yout =  26165
聲gulo =                   234, a71c71c7, Xout =  19256, Yout =  26508
聲gulo =                   235, a7d27d27, Xout =  18794, Yout =  26839
聲gulo =                   236, a8888888, Xout =  18320, Yout =  27162
聲gulo =                   237, a93e93e9, Xout =  17849, Yout =  27473
聲gulo =                   238, a9f49f49, Xout =  17364, Yout =  27787
聲gulo =                   239, aaaaaaaa, Xout =  16875, Yout =  28085
聲gulo =                   240, ab60b60b, Xout =  16383, Yout =  28377
聲gulo =                   241, ac16c16c, Xout =  15886, Yout =  28656
聲gulo =                   242, accccccc, Xout =  15384, Yout =  28929
聲gulo =                   243, ad82d82d, Xout =  14876, Yout =  29193
聲gulo =                   244, ae38e38e, Xout =  14365, Yout =  29448
聲gulo =                   245, aeeeeeee, Xout =  13847, Yout =  29698
聲gulo =                   246, afa4fa4f, Xout =  13325, Yout =  29934
聲gulo =                   247, b05b05b0, Xout =  12799, Yout =  30162
聲gulo =                   248, b1111111, Xout =  12277, Yout =  30377
聲gulo =                   249, b1c71c71, Xout =  11743, Yout =  30587
聲gulo =                   250, b27d27d2, Xout =  11208, Yout =  30785
聲gulo =                   251, b3333333, Xout =  10666, Yout =  30979
聲gulo =                   252, b3e93e93, Xout =  10121, Yout =  31164
聲gulo =                   253, b49f49f4, Xout =   9575, Yout =  31335
聲gulo =                   254, b5555555, Xout =   9034, Yout =  31493
聲gulo =                   255, b60b60b6, Xout =   8478, Yout =  31651
聲gulo =                   256, b6c16c16, Xout =   7927, Yout =  31790
聲gulo =                   257, b7777777, Xout =   7368, Yout =  31924
聲gulo =                   258, b82d82d8, Xout =   6815, Yout =  32046
聲gulo =                   259, b8e38e38, Xout =   6251, Yout =  32163
聲gulo =                   260, b9999999, Xout =   5690, Yout =  32266
聲gulo =                   261, ba4fa4fa, Xout =   5124, Yout =  32362
聲gulo =                   262, bb05b05b, Xout =   4560, Yout =  32445
聲gulo =                   263, bbbbbbbb, Xout =   3993, Yout =  32522
聲gulo =                   264, bc71c71c, Xout =   3425, Yout =  32585
聲gulo =                   265, bd27d27d, Xout =   2857, Yout =  32639
聲gulo =                   266, bddddddd, Xout =   2288, Yout =  32685
聲gulo =                   267, be93e93e, Xout =   1714, Yout =  32718
聲gulo =                   268, bf49f49f, Xout =   1146, Yout =  32743
聲gulo =                   269, c0000000, Xout =    574, Yout =  32757
聲gulo =                   270, c0b60b60, Xout =      2, Yout =  32765
聲gulo =                   271, c16c16c1, Xout =    574, Yout =  32757
聲gulo =                   272, c2222222, Xout =   1146, Yout =  32743
聲gulo =                   273, c2d82d82, Xout =   1714, Yout =  32718
聲gulo =                   274, c38e38e3, Xout =   2288, Yout =  32685
聲gulo =                   275, c4444444, Xout =   2857, Yout =  32639
聲gulo =                   276, c4fa4fa4, Xout =   3425, Yout =  32585
聲gulo =                   277, c5b05b05, Xout =   3993, Yout =  32522
聲gulo =                   278, c6666666, Xout =   4560, Yout =  32445
聲gulo =                   279, c71c71c7, Xout =   5124, Yout =  32362
聲gulo =                   280, c7d27d27, Xout =   5690, Yout =  32266
聲gulo =                   281, c8888888, Xout =   6251, Yout =  32163
聲gulo =                   282, c93e93e9, Xout =   6815, Yout =  32046
聲gulo =                   283, c9f49f49, Xout =   7368, Yout =  31924
聲gulo =                   284, caaaaaaa, Xout =   7927, Yout =  31790
聲gulo =                   285, cb60b60b, Xout =   8478, Yout =  31651
聲gulo =                   286, cc16c16c, Xout =   9034, Yout =  31493
聲gulo =                   287, cccccccc, Xout =   9575, Yout =  31335
聲gulo =                   288, cd82d82d, Xout =  10121, Yout =  31164
聲gulo =                   289, ce38e38e, Xout =  10666, Yout =  30979
聲gulo =                   290, ceeeeeee, Xout =  11208, Yout =  30785
聲gulo =                   291, cfa4fa4f, Xout =  11743, Yout =  30587
聲gulo =                   292, d05b05b0, Xout =  12277, Yout =  30377
聲gulo =                   293, d1111111, Xout =  12799, Yout =  30162
聲gulo =                   294, d1c71c71, Xout =  13325, Yout =  29934
聲gulo =                   295, d27d27d2, Xout =  13847, Yout =  29698
聲gulo =                   296, d3333333, Xout =  14365, Yout =  29448
聲gulo =                   297, d3e93e93, Xout =  14876, Yout =  29193
聲gulo =                   298, d49f49f4, Xout =  15384, Yout =  28929
聲gulo =                   299, d5555555, Xout =  15886, Yout =  28656
聲gulo =                   300, d60b60b6, Xout =  16383, Yout =  28377
聲gulo =                   301, d6c16c16, Xout =  16875, Yout =  28085
聲gulo =                   302, d7777777, Xout =  17364, Yout =  27787
聲gulo =                   303, d82d82d8, Xout =  17849, Yout =  27473
聲gulo =                   304, d8e38e38, Xout =  18320, Yout =  27162
聲gulo =                   305, d9999999, Xout =  18794, Yout =  26839
聲gulo =                   306, da4fa4fa, Xout =  19256, Yout =  26508
聲gulo =                   307, db05b05b, Xout =  19719, Yout =  26165
聲gulo =                   308, dbbbbbbb, Xout =  20172, Yout =  25819
聲gulo =                   309, dc71c71c, Xout =  20619, Yout =  25462
聲gulo =                   310, dd27d27d, Xout =  21061, Yout =  25100
聲gulo =                   311, dddddddd, Xout =  21493, Yout =  24728
聲gulo =                   312, de93e93e, Xout =  21924, Yout =  24348
聲gulo =                   313, df49f49f, Xout =  22342, Yout =  23964
聲gulo =                   314, e0000000, Xout =  22758, Yout =  23570
聲gulo =                   315, e0b60b60, Xout =  23168, Yout =  23167
聲gulo =                   316, e16c16c1, Xout =  23570, Yout =  22758
聲gulo =                   317, e2222222, Xout =  23964, Yout =  22342
聲gulo =                   318, e2d82d82, Xout =  24348, Yout =  21924
聲gulo =                   319, e38e38e3, Xout =  24728, Yout =  21493
聲gulo =                   320, e4444444, Xout =  25100, Yout =  21061
聲gulo =                   321, e4fa4fa4, Xout =  25462, Yout =  20619
聲gulo =                   322, e5b05b05, Xout =  25819, Yout =  20172
聲gulo =                   323, e6666666, Xout =  26165, Yout =  19719
聲gulo =                   324, e71c71c7, Xout =  26508, Yout =  19256
聲gulo =                   325, e7d27d27, Xout =  26839, Yout =  18794
聲gulo =                   326, e8888888, Xout =  27162, Yout =  18320
聲gulo =                   327, e93e93e9, Xout =  27473, Yout =  17849
聲gulo =                   328, e9f49f49, Xout =  27787, Yout =  17364
聲gulo =                   329, eaaaaaaa, Xout =  28085, Yout =  16875
聲gulo =                   330, eb60b60b, Xout =  28377, Yout =  16383
聲gulo =                   331, ec16c16c, Xout =  28656, Yout =  15886
聲gulo =                   332, eccccccc, Xout =  28929, Yout =  15384
聲gulo =                   333, ed82d82d, Xout =  29193, Yout =  14876
聲gulo =                   334, ee38e38e, Xout =  29448, Yout =  14365
聲gulo =                   335, eeeeeeee, Xout =  29698, Yout =  13847
聲gulo =                   336, efa4fa4f, Xout =  29934, Yout =  13325
聲gulo =                   337, f05b05b0, Xout =  30162, Yout =  12799
聲gulo =                   338, f1111111, Xout =  30377, Yout =  12277
聲gulo =                   339, f1c71c71, Xout =  30587, Yout =  11743
聲gulo =                   340, f27d27d2, Xout =  30785, Yout =  11208
聲gulo =                   341, f3333333, Xout =  30979, Yout =  10666
聲gulo =                   342, f3e93e93, Xout =  31164, Yout =  10121
聲gulo =                   343, f49f49f4, Xout =  31335, Yout =   9575
聲gulo =                   344, f5555555, Xout =  31493, Yout = 