\BOOKMARK [1][-]{section.1}{\376\377\000I\000n\000t\000r\000o\000d\000u\000c\000c\000i\000\363\000n}{}% 1
\BOOKMARK [2][-]{subsection.1.1}{\376\377\000O\000b\000j\000e\000t\000i\000v\000o\000s}{section.1}% 2
\BOOKMARK [2][-]{subsection.1.2}{\376\377\000A\000l\000c\000a\000n\000c\000e}{section.1}% 3
\BOOKMARK [1][-]{section.2}{\376\377\000\277\000Q\000u\000\351\000\040\000e\000s\000\040\000C\000O\000R\000D\000I\000C\000?}{}% 4
\BOOKMARK [2][-]{subsection.2.1}{\376\377\000C\000O\000R\000D\000I\000C\000\040\000t\000r\000i\000g\000o\000n\000o\000m\000\351\000t\000r\000i\000c\000o}{section.2}% 5
\BOOKMARK [2][-]{subsection.2.2}{\376\377\000C\000O\000R\000D\000I\000C\000\040\000v\000e\000c\000t\000o\000r\000i\000a\000l}{section.2}% 6
\BOOKMARK [2][-]{subsection.2.3}{\376\377\000C\000O\000R\000D\000I\000C\000\040\000l\000o\000g\000a\000r\000\355\000t\000m\000i\000c\000o}{section.2}% 7
\BOOKMARK [1][-]{section.3}{\376\377\000I\000m\000p\000l\000e\000m\000e\000n\000t\000a\000c\000i\000\363\000n\000\040\000C\000O\000R\000D\000I\000C\000\040\000r\000o\000t\000a\000t\000o\000r}{}% 8
\BOOKMARK [2][-]{subsection.3.1}{\376\377\000C\000o\000n\000f\000i\000g\000u\000r\000a\000c\000i\000\363\000n\000\040\000d\000e\000\040\000T\000i\000e\000m\000p\000o\000\040\000y\000\040\000D\000e\000c\000l\000a\000r\000a\000c\000i\000\363\000n\000\040\000d\000e\000\040\000M\000\363\000d\000u\000l\000o}{section.3}% 9
\BOOKMARK [2][-]{subsection.3.2}{\376\377\000D\000e\000c\000l\000a\000r\000a\000c\000i\000\363\000n\000\040\000d\000e\000\040\000l\000a\000\040\000T\000a\000b\000l\000a\000\040\000a\000t\000a\000n\000\137\000t\000a\000b\000l\000e}{section.3}% 10
\BOOKMARK [2][-]{subsection.3.3}{\376\377\000I\000n\000i\000c\000i\000a\000l\000i\000z\000a\000c\000i\000\363\000n\000\040\000d\000e\000\040\000r\000e\000g\000i\000s\000t\000r\000o\000s\000\040\000y\000\040\000a\000s\000i\000g\000n\000a\000c\000i\000\363\000n\000\040\000d\000e\000\040\000c\000u\000a\000d\000r\000a\000n\000t\000e}{section.3}% 11
\BOOKMARK [3][-]{subsubsection.3.3.1}{\376\377\000C\000u\000a\000d\000r\000a\000n\000t\000e\000\040\000I}{subsection.3.3}% 12
\BOOKMARK [3][-]{subsubsection.3.3.2}{\376\377\000C\000u\000a\000d\000r\000a\000n\000t\000e\000\040\000I\000I}{subsection.3.3}% 13
\BOOKMARK [3][-]{subsubsection.3.3.3}{\376\377\000C\000u\000a\000d\000r\000a\000n\000t\000e\000\040\000I\000I\000I}{subsection.3.3}% 14
\BOOKMARK [3][-]{subsubsection.3.3.4}{\376\377\000C\000u\000a\000d\000r\000a\000n\000t\000e\000\040\000I\000V}{subsection.3.3}% 15
\BOOKMARK [2][-]{subsection.3.4}{\376\377\000B\000a\000n\000c\000o\000\040\000d\000e\000\040\000p\000r\000u\000e\000b\000a\000s}{section.3}% 16
\BOOKMARK [3][-]{subsubsection.3.4.1}{\376\377\000P\000a\000r\000\341\000m\000e\000t\000r\000o\000s\000\040\000y\000\040\000v\000a\000r\000i\000a\000b\000l\000e\000s\000\040\000l\000o\000c\000a\000l\000e\000s}{subsection.3.4}% 17
\BOOKMARK [3][-]{subsubsection.3.4.2}{\376\377\000I\000n\000i\000c\000i\000a\000l\000i\000z\000a\000c\000i\000\363\000n}{subsection.3.4}% 18
\BOOKMARK [3][-]{subsubsection.3.4.3}{\376\377\000G\000e\000n\000e\000r\000a\000c\000i\000\363\000n\000\040\000d\000e\000\040\000f\000o\000r\000m\000a\000s\000\040\000d\000e\000\040\000o\000n\000d\000a}{subsection.3.4}% 19
\BOOKMARK [3][-]{subsubsection.3.4.4}{\376\377\000G\000e\000n\000e\000r\000a\000c\000i\000\363\000n\000\040\000d\000e\000l\000\040\000r\000e\000l\000o\000j}{subsection.3.4}% 20
\BOOKMARK [3][-]{subsubsection.3.4.5}{\376\377\000S\000a\000l\000i\000d\000a\000\040\000d\000e\000l\000\040\000m\000\363\000d\000u\000l\000o}{subsection.3.4}% 21
\BOOKMARK [3][-]{subsubsection.3.4.6}{\376\377\000I\000d\000e\000n\000t\000i\000f\000i\000c\000a\000c\000i\000\363\000n\000\040\000d\000e\000\040\000l\000o\000s\000\040\000e\000s\000t\000a\000d\000o\000s\000\040\000d\000e\000l\000\040\000s\000i\000s\000t\000e\000m\000a}{subsection.3.4}% 22
\BOOKMARK [2][-]{subsection.3.5}{\376\377\000D\000e\000f\000i\000n\000i\000c\000i\000\363\000n\000\040\000d\000e\000\040\000l\000o\000s\000\040\000e\000v\000e\000n\000t\000o\000s}{section.3}% 23
\BOOKMARK [2][-]{subsection.3.6}{\376\377\000C\000o\000m\000p\000o\000n\000e\000r\000\040\000e\000l\000\040\000\341\000r\000b\000o\000l\000\040\000d\000e\000\040\000t\000r\000a\000n\000s\000i\000c\000i\000o\000n\000e\000s}{section.3}% 24
\BOOKMARK [2][-]{subsection.3.7}{\376\377\000C\000r\000e\000a\000c\000i\000\363\000n\000\040\000d\000e\000\040\000c\000a\000s\000o\000s\000\040\000d\000e\000\040\000p\000r\000u\000e\000b\000a\000\040\000l\000e\000g\000a\000l\000e\000s}{section.3}% 25
\BOOKMARK [2][-]{subsection.3.8}{\376\377\000C\000r\000e\000a\000c\000i\000\363\000n\000\040\000d\000e\000\040\000c\000a\000s\000o\000s\000\040\000d\000e\000\040\000p\000r\000u\000e\000b\000a\000\040\000i\000l\000e\000g\000a\000l\000e\000s}{section.3}% 26
\BOOKMARK [2][-]{subsection.3.9}{\376\377\000C\000r\000e\000a\000c\000i\000\363\000n\000\040\000d\000e\000\040\000c\000a\000s\000o\000s\000\040\000d\000e\000\040\000p\000r\000u\000e\000b\000a\000\040\000p\000a\000r\000a\000\040\000l\000o\000s\000\040\000g\000u\000a\000r\000d\000i\000a\000s}{section.3}% 27
\BOOKMARK [1][-]{section.4}{\376\377\000B\000a\000s\000e\000s\000\040\000d\000e\000l\000\040\000t\000e\000s\000t}{}% 28
\BOOKMARK [2][-]{subsection.4.1}{\376\377\000E\000s\000p\000e\000c\000i\000f\000i\000c\000a\000c\000i\000o\000n\000e\000s\000\040\000d\000e\000l\000\040\000p\000r\000o\000d\000u\000c\000t\000o}{section.4}% 29
\BOOKMARK [3][-]{subsubsection.4.1.1}{\376\377\000D\000i\000s\000e\000\361\000o\000\040\000f\000u\000n\000c\000i\000o\000n\000a\000l\000\040\000g\000e\000n\000e\000r\000a\000l}{subsection.4.1}% 30
\BOOKMARK [3][-]{subsubsection.4.1.2}{\376\377\000D\000i\000s\000e\000\361\000o\000\040\000f\000u\000n\000c\000i\000o\000n\000a\000l\000\040\000d\000e\000t\000a\000l\000l\000a\000d\000o}{subsection.4.1}% 31
\BOOKMARK [3][-]{subsubsection.4.1.3}{\376\377\000G\000u\000\355\000a\000\040\000d\000e\000l\000\040\000u\000s\000u\000a\000r\000i\000o\000\040\000R\000e\000a\000l\000i\000t\000\340}{subsection.4.1}% 32
\BOOKMARK [2][-]{subsection.4.2}{\376\377\000N\000o\000r\000m\000a\000s}{section.4}% 33
\BOOKMARK [3][-]{subsubsection.4.2.1}{\376\377\000N\000o\000r\000m\000a\000s\000\040\000i\000n\000t\000e\000r\000n\000a\000s\000\040\000p\000a\000r\000a\000\040\000p\000r\000o\000d\000u\000c\000t\000o\000s\000\040\000d\000e\000\040\000p\000r\000u\000e\000b\000a}{subsection.4.2}% 34
\BOOKMARK [3][-]{subsubsection.4.2.2}{\376\377\000L\000i\000b\000r\000o\000\040\000T\000e\000s\000t\000i\000n\000g\000\040\000E\000m\000b\000e\000d\000d\000e\000d\000\040\000S\000o\000f\000t\000w\000a\000r\000e}{subsection.4.2}% 35
\BOOKMARK [2][-]{subsection.4.3}{\376\377\000M\000a\000n\000u\000a\000l\000e\000s\000\040\000d\000e\000\040\000u\000s\000u\000a\000r\000i\000o}{section.4}% 36
\BOOKMARK [3][-]{subsubsection.4.3.1}{\376\377\000M\000a\000n\000u\000a\000l\000\040\000d\000e\000l\000\040\000e\000n\000t\000o\000r\000n\000o\000\040\000d\000e\000\040\000p\000r\000u\000e\000b\000a\000\040\000d\000e\000l\000\040\000u\000s\000u\000a\000r\000i\000o}{subsection.4.3}% 37
\BOOKMARK [3][-]{subsubsection.4.3.2}{\376\377\000M\000a\000n\000u\000a\000l\000\040\000d\000e\000\040\000h\000e\000r\000r\000a\000m\000i\000e\000n\000t\000a\000s\000\040\000d\000e\000\040\000p\000r\000u\000e\000b\000a\000\040\000d\000e\000l\000\040\000u\000s\000u\000a\000r\000i\000o}{subsection.4.3}% 38
\BOOKMARK [2][-]{subsection.4.4}{\376\377\000P\000l\000a\000n\000e\000s\000\040\000d\000e\000l\000\040\000p\000r\000o\000y\000e\000c\000t\000o}{section.4}% 39
\BOOKMARK [3][-]{subsubsection.4.4.1}{\376\377\000P\000l\000a\000n\000\040\000d\000e\000\040\000p\000r\000o\000y\000e\000c\000t\000o\000\040\000R\000e\000a\000l\000i\000t\000\340}{subsection.4.4}% 40
\BOOKMARK [2][-]{subsection.4.5}{\376\377\000P\000l\000a\000n\000i\000f\000i\000c\000a\000c\000i\000\363\000n}{section.4}% 41
\BOOKMARK [3][-]{subsubsection.4.5.1}{\376\377\000P\000l\000a\000n\000i\000f\000i\000c\000a\000c\000i\000\363\000n\000\040\000d\000e\000l\000\040\000e\000q\000u\000i\000p\000o\000\040\000d\000e\000\040\000d\000e\000s\000a\000r\000r\000o\000l\000l\000o\000\040\000R\000e\000a\000l\000i\000t\000\340}{subsection.4.5}% 42
\BOOKMARK [1][-]{section.5}{\376\377\000E\000s\000t\000r\000a\000t\000e\000g\000\355\000a\000\040\000g\000e\000n\000e\000r\000a\000l\000\040\000d\000e\000l\000\040\000t\000e\000s\000t}{}% 43
\BOOKMARK [2][-]{subsection.5.1}{\376\377\000C\000a\000r\000a\000c\000t\000e\000r\000\355\000s\000t\000i\000c\000a\000s\000\040\000d\000e\000\040\000c\000a\000l\000i\000d\000a\000d\000\040\000y\000\040\000s\000u\000\040\000i\000m\000p\000o\000r\000t\000a\000n\000c\000i\000a\000\040\000r\000e\000l\000a\000t\000i\000v\000a}{section.5}% 44
\BOOKMARK [2][-]{subsection.5.2}{\376\377\000M\000a\000t\000r\000i\000z\000\040\000d\000e\000\040\000e\000s\000t\000r\000a\000t\000e\000g\000i\000a\000\040\000p\000a\000r\000a\000\040\000R\000e\000a\000l\000i\000t\000\340}{section.5}% 45
\BOOKMARK [2][-]{subsection.5.3}{\376\377\000T\000\351\000c\000n\000i\000c\000a\000s\000\040\000d\000e\000\040\000d\000i\000s\000e\000\361\000o\000\040\000d\000e\000\040\000p\000r\000u\000e\000b\000a\000s}{section.5}% 46
\BOOKMARK [3][-]{subsubsection.5.3.1}{\376\377\000P\000r\000u\000e\000b\000a\000s\000\040\000d\000e\000\040\000f\000u\000n\000c\000i\000o\000n\000a\000l\000i\000d\000a\000d}{subsection.5.3}% 47
\BOOKMARK [3][-]{subsubsection.5.3.2}{\376\377\000P\000r\000u\000e\000b\000a\000s\000\040\000d\000e\000\040\000u\000s\000a\000b\000i\000l\000i\000d\000a\000d}{subsection.5.3}% 48
\BOOKMARK [3][-]{subsubsection.5.3.3}{\376\377\000P\000r\000u\000e\000b\000a\000s\000\040\000d\000e\000\040\000c\000o\000n\000f\000i\000a\000b\000i\000l\000i\000d\000a\000d}{subsection.5.3}% 49
\BOOKMARK [3][-]{subsubsection.5.3.4}{\376\377\000P\000r\000u\000e\000b\000a\000s\000\040\000d\000e\000\040\000f\000u\000s\000i\000\363\000n\000\040\000d\000e\000\040\000d\000a\000t\000o\000s}{subsection.5.3}% 50
\BOOKMARK [3][-]{subsubsection.5.3.5}{\376\377\000P\000r\000u\000e\000b\000a\000s\000\040\000d\000e\000\040\000c\000a\000p\000t\000u\000r\000a\000\040\000d\000e\000\040\000d\000a\000t\000o\000s\000\040\000e\000n\000\040\000c\000a\000m\000p\000o}{subsection.5.3}% 51
\BOOKMARK [2][-]{subsection.5.4}{\376\377\000E\000s\000f\000u\000e\000r\000z\000o\000\040\000e\000s\000t\000i\000m\000a\000d\000o}{section.5}% 52
\BOOKMARK [2][-]{subsection.5.5}{\376\377\000P\000l\000a\000n\000i\000f\000i\000c\000a\000c\000i\000\363\000n}{section.5}% 53
\BOOKMARK [1][-]{section.6}{\376\377\000A\000m\000e\000n\000a\000z\000a\000s\000,\000\040\000r\000i\000e\000s\000g\000o\000s\000\040\000y\000\040\000m\000e\000d\000i\000d\000a\000s}{}% 54
\BOOKMARK [1][-]{section.7}{\376\377\000I\000n\000f\000r\000a\000e\000s\000t\000r\000u\000c\000t\000u\000r\000a}{}% 55
\BOOKMARK [2][-]{subsection.7.1}{\376\377\000E\000n\000t\000o\000r\000n\000o\000\040\000d\000e\000\040\000p\000r\000u\000e\000b\000a\000s}{section.7}% 56
\BOOKMARK [2][-]{subsection.7.2}{\376\377\000H\000e\000r\000r\000a\000m\000i\000e\000n\000t\000a\000s\000\040\000d\000e\000\040\000p\000r\000u\000e\000b\000a\000s}{section.7}% 57
\BOOKMARK [2][-]{subsection.7.3}{\376\377\000E\000n\000t\000o\000r\000n\000o}{section.7}% 58
\BOOKMARK [1][-]{section.8}{\376\377\000O\000r\000g\000a\000n\000i\000z\000a\000c\000i\000\363\000n\000\040\000d\000e\000\040\000p\000r\000u\000e\000b\000a\000s}{}% 59
\BOOKMARK [2][-]{subsection.8.1}{\376\377\000R\000o\000l\000e\000s\000\040\000d\000e\000\040\000p\000r\000u\000e\000b\000a\000s}{section.8}% 60
\BOOKMARK [2][-]{subsection.8.2}{\376\377\000P\000e\000r\000s\000o\000n\000a\000l\000\040\000d\000e\000\040\000P\000r\000u\000e\000b\000a\000s}{section.8}% 61
\BOOKMARK [1][-]{section.9}{\376\377\000E\000n\000t\000r\000e\000g\000a\000b\000l\000e\000s\000\040\000d\000e\000\040\000p\000r\000u\000e\000b\000a\000s}{}% 62
\BOOKMARK [2][-]{subsection.9.1}{\376\377\000D\000o\000c\000u\000m\000e\000n\000t\000a\000c\000i\000\363\000n\000\040\000d\000e\000l\000\040\000p\000r\000o\000y\000e\000c\000t\000o}{section.9}% 63
\BOOKMARK [2][-]{subsection.9.2}{\376\377\000T\000e\000s\000t\000w\000a\000r\000e}{section.9}% 64
\BOOKMARK [2][-]{subsection.9.3}{\376\377\000A\000l\000m\000a\000c\000e\000n\000a\000m\000i\000e\000n\000t\000o}{section.9}% 65
\BOOKMARK [1][-]{section.10}{\376\377\000G\000e\000s\000t\000i\000\363\000n\000\040\000d\000e\000\040\000c\000o\000n\000f\000i\000g\000u\000r\000a\000c\000i\000\363\000n}{}% 66
\BOOKMARK [2][-]{subsection.10.1}{\376\377\000C\000o\000n\000t\000r\000o\000l\000\040\000d\000e\000l\000\040\000p\000r\000o\000c\000e\000s\000o\000\040\000d\000e\000\040\000p\000r\000u\000e\000b\000a\000s}{section.10}% 67
\BOOKMARK [2][-]{subsection.10.2}{\376\377\000G\000e\000s\000t\000i\000\363\000n\000\040\000d\000e\000\040\000d\000e\000f\000e\000c\000t\000o\000s}{section.10}% 68
\BOOKMARK [2][-]{subsection.10.3}{\376\377\000M\000\351\000t\000r\000i\000c\000a\000s}{section.10}% 69
\BOOKMARK [2][-]{subsection.10.4}{\376\377\000\315\000t\000e\000m\000s\000\040\000d\000e\000\040\000g\000e\000s\000t\000i\000\363\000n\000\040\000d\000e\000\040\000c\000o\000n\000f\000i\000g\000u\000r\000a\000c\000i\000\363\000n}{section.10}% 70
\BOOKMARK [1][-]{section.11}{\376\377\000B\000i\000b\000l\000i\000o\000g\000r\000a\000f\000\355\000a}{}% 71
